<?xml version="1.0" encoding="UTF-8"?>
<!-- Generated by org.testng.reporters.JUnitXMLReporter -->
<testsuite ignored="6" hostname="Abdulraheem" failures="0" tests="4" name="Default test" time="7.281" errors="0" timestamp="2024-06-13T19:08:35 EET">
  <testcase classname="MyTestcase" name="CheckThePageIsFullyLoaded" time="0.006"/>
  <testcase classname="MyTestcase" name="ChangeTheLanguageOfTheWebSiteRandomly" time="0.509"/>
  <testcase classname="MyTestcase" name="HotelSelection" time="0.183"/>
  <testcase classname="MyTestcase" name="SelectNumberOfPeople" time="3.195"/>
  <testcase classname="MyTestcase" name="VerifyQitafLogo" time="0.0">
    <ignored/>
  </testcase> <!-- VerifyQitafLogo -->
  <testcase classname="MyTestcase" name="TestContactNumber" time="0.0">
    <ignored/>
  </testcase> <!-- TestContactNumber -->
  <testcase classname="MyTestcase" name="CheckTheLanage" time="0.0">
    <ignored/>
  </testcase> <!-- CheckTheLanage -->
  <testcase classname="MyTestcase" name="CheckHotelTabIsNotSelected" time="0.0">
    <ignored/>
  </testcase> <!-- CheckHotelTabIsNotSelected -->
  <testcase classname="MyTestcase" name="CheckDepatureAndReturnDate" time="0.0">
    <ignored/>
  </testcase> <!-- CheckDepatureAndReturnDate -->
  <testcase classname="MyTestcase" name="TestTheCurrencyIsSAR" time="0.0">
    <ignored/>
  </testcase> <!-- TestTheCurrencyIsSAR -->
</testsuite> <!-- Default test -->
