<?xml version="1.0" encoding="UTF-8"?>
<!-- Generated by org.testng.reporters.JUnitXMLReporter -->
<testsuite ignored="6" hostname="Abdulraheem" failures="0" tests="4" name="Test" time="6.62" errors="0" timestamp="2024-06-13T20:01:01 EET">
  <testcase classname="a.MyTestcase" name="CheckThePageIsFullyLoaded" time="0.004"/>
  <testcase classname="a.MyTestcase" name="ChangeTheLanguageOfTheWebSiteRandomly" time="0.461"/>
  <testcase classname="a.MyTestcase" name="HotelSelection" time="0.149"/>
  <testcase classname="a.MyTestcase" name="SelectNumberOfPeople" time="3.105"/>
  <testcase classname="a.MyTestcase" name="CheckTheLanage" time="0.0">
    <ignored/>
  </testcase> <!-- CheckTheLanage -->
  <testcase classname="a.MyTestcase" name="VerifyQitafLogo" time="0.0">
    <ignored/>
  </testcase> <!-- VerifyQitafLogo -->
  <testcase classname="a.MyTestcase" name="CheckDepatureAndReturnDate" time="0.0">
    <ignored/>
  </testcase> <!-- CheckDepatureAndReturnDate -->
  <testcase classname="a.MyTestcase" name="TestTheCurrencyIsSAR" time="0.0">
    <ignored/>
  </testcase> <!-- TestTheCurrencyIsSAR -->
  <testcase classname="a.MyTestcase" name="CheckHotelTabIsNotSelected" time="0.0">
    <ignored/>
  </testcase> <!-- CheckHotelTabIsNotSelected -->
  <testcase classname="a.MyTestcase" name="TestContactNumber" time="0.0">
    <ignored/>
  </testcase> <!-- TestContactNumber -->
</testsuite> <!-- Test -->
