<?xml version="1.0" encoding="UTF-8"?>
<testng-results ignored="0" total="11" passed="11" failed="0" skipped="0">
  <reporter-output>
  </reporter-output>
  <suite started-at="2024-06-27T19:00:33 EET" name="Default suite" finished-at="2024-06-27T19:00:56 EET" duration-ms="23050">
    <groups>
    </groups>
    <test started-at="2024-06-27T19:00:33 EET" name="Default test" finished-at="2024-06-27T19:00:56 EET" duration-ms="23050">
      <class name="AlMosaferTestCases.MyTestcase">
        <test-method is-config="true" signature="setUp()[pri:0, instance:AlMosaferTestCases.MyTestcase@4567f35d]" started-at="2024-06-27T19:00:31 EET" name="setUp" finished-at="2024-06-27T19:00:33 EET" duration-ms="1578" status="PASS">
          <reporter-output>
          </reporter-output>
        </test-method> <!-- setUp -->
        <test-method is-config="true" signature="mySetup()[pri:0, instance:AlMosaferTestCases.MyTestcase@4567f35d]" started-at="2024-06-27T19:00:33 EET" name="mySetup" finished-at="2024-06-27T19:00:35 EET" duration-ms="2053" status="PASS">
          <reporter-output>
          </reporter-output>
        </test-method> <!-- mySetup -->
        <test-method signature="CheckTheLanguage()[pri:1, instance:AlMosaferTestCases.MyTestcase@4567f35d]" started-at="2024-06-27T19:00:35 EET" name="CheckTheLanguage" description="MainPageTest" finished-at="2024-06-27T19:00:35 EET" duration-ms="45" status="PASS">
          <reporter-output>
          </reporter-output>
        </test-method> <!-- CheckTheLanguage -->
        <test-method signature="TestTheCurrencyIsSAR()[pri:2, instance:AlMosaferTestCases.MyTestcase@4567f35d]" started-at="2024-06-27T19:00:35 EET" name="TestTheCurrencyIsSAR" description="MainPageTest" finished-at="2024-06-27T19:00:35 EET" duration-ms="31" status="PASS">
          <reporter-output>
          </reporter-output>
        </test-method> <!-- TestTheCurrencyIsSAR -->
        <test-method signature="TestContactNumber()[pri:3, instance:AlMosaferTestCases.MyTestcase@4567f35d]" started-at="2024-06-27T19:00:35 EET" name="TestContactNumber" description="MainPageTest" finished-at="2024-06-27T19:00:35 EET" duration-ms="31" status="PASS">
          <reporter-output>
          </reporter-output>
        </test-method> <!-- TestContactNumber -->
        <test-method signature="VerifyQitafLogo()[pri:4, instance:AlMosaferTestCases.MyTestcase@4567f35d]" started-at="2024-06-27T19:00:35 EET" name="VerifyQitafLogo" description="MainPageTest" finished-at="2024-06-27T19:00:35 EET" duration-ms="50" status="PASS">
          <reporter-output>
          </reporter-output>
        </test-method> <!-- VerifyQitafLogo -->
        <test-method signature="CheckHotelTabIsNotSelected()[pri:5, instance:AlMosaferTestCases.MyTestcase@4567f35d]" started-at="2024-06-27T19:00:35 EET" name="CheckHotelTabIsNotSelected" description="MainPageTest" finished-at="2024-06-27T19:00:35 EET" duration-ms="21" status="PASS">
          <reporter-output>
          </reporter-output>
        </test-method> <!-- CheckHotelTabIsNotSelected -->
        <test-method signature="CheckDepartureAndReturnDate()[pri:6, instance:AlMosaferTestCases.MyTestcase@4567f35d]" started-at="2024-06-27T19:00:35 EET" name="CheckDepartureAndReturnDate" description="MainPageTest" finished-at="2024-06-27T19:00:36 EET" duration-ms="456" status="PASS">
          <reporter-output>
          </reporter-output>
        </test-method> <!-- CheckDepartureAndReturnDate -->
        <test-method signature="ChangeTheLanguageOfTheWebsiteRandomly()[pri:7, instance:AlMosaferTestCases.MyTestcase@4567f35d]" started-at="2024-06-27T19:00:36 EET" name="ChangeTheLanguageOfTheWebsiteRandomly" description="MainPageTest" finished-at="2024-06-27T19:00:36 EET" duration-ms="461" status="PASS">
          <reporter-output>
          </reporter-output>
        </test-method> <!-- ChangeTheLanguageOfTheWebsiteRandomly -->
        <test-method signature="HotelSelection()[pri:8, instance:AlMosaferTestCases.MyTestcase@4567f35d]" started-at="2024-06-27T19:00:36 EET" name="HotelSelection" description="HotelPageTest" finished-at="2024-06-27T19:00:36 EET" duration-ms="193" status="PASS">
          <reporter-output>
          </reporter-output>
        </test-method> <!-- HotelSelection -->
        <test-method signature="SelectNumberOfPeople()[pri:9, instance:AlMosaferTestCases.MyTestcase@4567f35d]" started-at="2024-06-27T19:00:36 EET" name="SelectNumberOfPeople" description="HotelPageTest" finished-at="2024-06-27T19:00:39 EET" duration-ms="2896" status="PASS">
          <reporter-output>
          </reporter-output>
        </test-method> <!-- SelectNumberOfPeople -->
        <test-method signature="CheckThePageIsFullyLoaded()[pri:10, instance:AlMosaferTestCases.MyTestcase@4567f35d]" started-at="2024-06-27T19:00:39 EET" name="CheckThePageIsFullyLoaded" description="HotelPageTest" finished-at="2024-06-27T19:00:53 EET" duration-ms="14086" status="PASS">
          <reporter-output>
          </reporter-output>
        </test-method> <!-- CheckThePageIsFullyLoaded -->
        <test-method signature="sortItems()[pri:11, instance:AlMosaferTestCases.MyTestcase@4567f35d]" started-at="2024-06-27T19:00:53 EET" name="sortItems" description="HotelPageTest" finished-at="2024-06-27T19:00:56 EET" duration-ms="2695" status="PASS">
          <reporter-output>
          </reporter-output>
        </test-method> <!-- sortItems -->
        <test-method is-config="true" signature="tearDown()[pri:0, instance:AlMosaferTestCases.MyTestcase@4567f35d]" started-at="2024-06-27T19:00:56 EET" name="tearDown" finished-at="2024-06-27T19:00:56 EET" duration-ms="241" status="PASS">
          <reporter-output>
          </reporter-output>
        </test-method> <!-- tearDown -->
      </class> <!-- AlMosaferTestCases.MyTestcase -->
    </test> <!-- Default test -->
  </suite> <!-- Default suite -->
</testng-results>
